# JRE version: Java(TM) SE Runtime Environment (8.0_281-b09) (build 1.8.0_281-b09)
# Java VM: Java HotSpot(TM) 64-Bit Server VM (25.281-b09 mixed mode windows-amd64 compressed oops)
Heap:
 PSYoungGen      total 298496K, used 46369K [0x00000000d5580000, 0x00000000ea280000, 0x0000000100000000)
  eden space 283136K, 10% used [0x00000000d5580000,0x00000000d73ca680,0x00000000e6a00000)
  from space 15360K, 99% used [0x00000000e9380000,0x00000000ea27de20,0x00000000ea280000)
  to   space 19968K, 0% used [0x00000000e7b80000,0x00000000e7b80000,0x00000000e8f00000)
 ParOldGen       total 191488K, used 23958K [0x0000000080000000, 0x000000008bb00000, 0x00000000d5580000)
  object space 191488K, 12% used [0x0000000080000000,0x0000000081765870,0x000000008bb00000)
 Metaspace       used 48130K, capacity 50184K, committed 50344K, reserved 1093632K
  class space    used 6593K, capacity 7029K, committed 7080K, reserved 1048576K
GC Heap History (10 events):
Event: 4.916 GC heap before
{Heap before GC invocations=4 (full 1):
 PSYoungGen      total 114688K, used 7706K [0x00000000d5580000, 0x00000000e3580000, 0x0000000100000000)
  eden space 98304K, 0% used [0x00000000d5580000,0x00000000d5580000,0x00000000db580000)
  from space 16384K, 47% used [0x00000000db580000,0x00000000dbd06b00,0x00000000dc580000)
  to   space 16384K, 0% used [0x00000000e2580000,0x00000000e2580000,0x00000000e3580000)
 ParOldGen       total 262144K, used 32K [0x0000000080000000, 0x0000000090000000, 0x00000000d5580000)
  object space 262144K, 0% used [0x0000000080000000,0x0000000080008000,0x0000000090000000)
 Metaspace       used 20444K, capacity 21170K, committed 21296K, reserved 1067008K
  class space    used 2913K, capacity 3127K, committed 3200K, reserved 1048576K
Event: 4.966 GC heap after
Heap after GC invocations=4 (full 1):
 PSYoungGen      total 114688K, used 0K [0x00000000d5580000, 0x00000000e3580000, 0x0000000100000000)
  eden space 98304K, 0% used [0x00000000d5580000,0x00000000d5580000,0x00000000db580000)
  from space 16384K, 0% used [0x00000000db580000,0x00000000db580000,0x00000000dc580000)
  to   space 16384K, 0% used [0x00000000e2580000,0x00000000e2580000,0x00000000e3580000)
 ParOldGen       total 124928K, used 7609K [0x0000000080000000, 0x0000000087a00000, 0x00000000d5580000)
  object space 124928K, 6% used [0x0000000080000000,0x000000008076e5b0,0x0000000087a00000)
 Metaspace       used 20444K, capacity 21170K, committed 21296K, reserved 1067008K
  class space    used 2913K, capacity 3127K, committed 3200K, reserved 1048576K
}
Event: 6.042 GC heap before
{Heap before GC invocations=5 (full 1):
 PSYoungGen      total 114688K, used 98304K [0x00000000d5580000, 0x00000000e3580000, 0x0000000100000000)
  eden space 98304K, 100% used [0x00000000d5580000,0x00000000db580000,0x00000000db580000)
  from space 16384K, 0% used [0x00000000db580000,0x00000000db580000,0x00000000dc580000)
  to   space 16384K, 0% used [0x00000000e2580000,0x00000000e2580000,0x00000000e3580000)
 ParOldGen       total 124928K, used 7609K [0x0000000080000000, 0x0000000087a00000, 0x00000000d5580000)
  object space 124928K, 6% used [0x0000000080000000,0x000000008076e5b0,0x0000000087a00000)
 Metaspace       used 29797K, capacity 30948K, committed 31232K, reserved 1075200K
  class space    used 4230K, capacity 4511K, committed 4608K, reserved 1048576K
Event: 6.052 GC heap after
Heap after GC invocations=5 (full 1):
 PSYoungGen      total 185856K, used 11098K [0x00000000d5580000, 0x00000000e3080000, 0x0000000100000000)
  eden space 174592K, 0% used [0x00000000d5580000,0x00000000d5580000,0x00000000e0000000)
  from space 11264K, 98% used [0x00000000e2580000,0x00000000e30568c0,0x00000000e3080000)
  to   space 16384K, 0% used [0x00000000e1080000,0x00000000e1080000,0x00000000e2080000)
 ParOldGen       total 124928K, used 7617K [0x0000000080000000, 0x0000000087a00000, 0x00000000d5580000)
  object space 124928K, 6% used [0x0000000080000000,0x00000000807705b0,0x0000000087a00000)
 Metaspace       used 29797K, capacity 30948K, committed 31232K, reserved 1075200K
  class space    used 4230K, capacity 4511K, committed 4608K, reserved 1048576K
}
Event: 7.558 GC heap before
{Heap before GC invocations=6 (full 1):
 PSYoungGen      total 185856K, used 85995K [0x00000000d5580000, 0x00000000e3080000, 0x0000000100000000)
  eden space 174592K, 42% used [0x00000000d5580000,0x00000000d9ea44f0,0x00000000e0000000)
  from space 11264K, 98% used [0x00000000e2580000,0x00000000e30568c0,0x00000000e3080000)
  to   space 16384K, 0% used [0x00000000e1080000,0x00000000e1080000,0x00000000e2080000)
 ParOldGen       total 124928K, used 7617K [0x0000000080000000, 0x0000000087a00000, 0x00000000d5580000)
  object space 124928K, 6% used [0x0000000080000000,0x00000000807705b0,0x0000000087a00000)
 Metaspace       used 34162K, capacity 35424K, committed 35496K, reserved 1079296K
  class space    used 4742K, capacity 5032K, committed 5032K, reserved 1048576K
Event: 7.615 GC heap after
Heap after GC invocations=6 (full 1):
 PSYoungGen      total 207872K, used 12550K [0x00000000d5580000, 0x00000000ea280000, 0x0000000100000000)
  eden space 191488K, 0% used [0x00000000d5580000,0x00000000d5580000,0x00000000e1080000)
  from space 16384K, 76% used [0x00000000e1080000,0x00000000e1cc1928,0x00000000e2080000)
  to   space 15360K, 0% used [0x00000000e9380000,0x00000000e9380000,0x00000000ea280000)
 ParOldGen       total 124928K, used 7625K [0x0000000080000000, 0x0000000087a00000, 0x00000000d5580000)
  object space 124928K, 6% used [0x0000000080000000,0x00000000807725b0,0x0000000087a00000)
 Metaspace       used 34162K, capacity 35424K, committed 35496K, reserved 1079296K
  class space    used 4742K, capacity 5032K, committed 5032K, reserved 1048576K
}
Event: 7.615 GC heap before
{Heap before GC invocations=7 (full 2):
 PSYoungGen      total 207872K, used 12550K [0x00000000d5580000, 0x00000000ea280000, 0x0000000100000000)
  eden space 191488K, 0% used [0x00000000d5580000,0x00000000d5580000,0x00000000e1080000)
  from space 16384K, 76% used [0x00000000e1080000,0x00000000e1cc1928,0x00000000e2080000)
  to   space 15360K, 0% used [0x00000000e9380000,0x00000000e9380000,0x00000000ea280000)
 ParOldGen       total 124928K, used 7625K [0x0000000080000000, 0x0000000087a00000, 0x00000000d5580000)
  object space 124928K, 6% used [0x0000000080000000,0x00000000807725b0,0x0000000087a00000)
 Metaspace       used 34162K, capacity 35424K, committed 35496K, reserved 1079296K
  class space    used 4742K, capacity 5032K, committed 5032K, reserved 1048576K
Event: 7.753 GC heap after
Heap after GC invocations=7 (full 2):
 PSYoungGen      total 207872K, used 0K [0x00000000d5580000, 0x00000000ea280000, 0x0000000100000000)
  eden space 191488K, 0% used [0x00000000d5580000,0x00000000d5580000,0x00000000e1080000)
  from space 16384K, 0% used [0x00000000e1080000,0x00000000e1080000,0x00000000e2080000)
  to   space 15360K, 0% used [0x00000000e9380000,0x00000000e9380000,0x00000000ea280000)
 ParOldGen       total 191488K, used 19140K [0x0000000080000000, 0x000000008bb00000, 0x00000000d5580000)
  object space 191488K, 9% used [0x0000000080000000,0x00000000812b1320,0x000000008bb00000)
 Metaspace       used 34162K, capacity 35424K, committed 35496K, reserved 1079296K
  class space    used 4742K, capacity 5032K, committed 5032K, reserved 1048576K
}
Event: 10.297 GC heap before
{Heap before GC invocations=8 (full 2):
 PSYoungGen      total 207872K, used 191488K [0x00000000d5580000, 0x00000000ea280000, 0x0000000100000000)
  eden space 191488K, 100% used [0x00000000d5580000,0x00000000e1080000,0x00000000e1080000)
  from space 16384K, 0% used [0x00000000e1080000,0x00000000e1080000,0x00000000e2080000)
  to   space 15360K, 0% used [0x00000000e9380000,0x00000000e9380000,0x00000000ea280000)
 ParOldGen       total 191488K, used 19140K [0x0000000080000000, 0x000000008bb00000, 0x00000000d5580000)
  object space 191488K, 9% used [0x0000000080000000,0x00000000812b1320,0x000000008bb00000)
 Metaspace       used 47463K, capacity 49582K, committed 49832K, reserved 1091584K
  class space    used 6544K, capacity 6960K, committed 7080K, reserved 1048576K
Event: 10.314 GC heap after
Heap after GC invocations=8 (full 2):
 PSYoungGen      total 298496K, used 15351K [0x00000000d5580000, 0x00000000ea280000, 0x0000000100000000)
  eden space 283136K, 0% used [0x00000000d5580000,0x00000000d5580000,0x00000000e6a00000)
  from space 15360K, 99% used [0x00000000e9380000,0x00000000ea27de20,0x00000000ea280000)
  to   space 19968K, 0% used [0x00000000e7b80000,0x00000000e7b80000,0x00000000e8f00000)
 ParOldGen       total 191488K, used 23958K [0x0000000080000000, 0x000000008bb00000, 0x00000000d5580000)
  object space 191488K, 12% used [0x0000000080000000,0x0000000081765870,0x000000008bb00000)
 Metaspace       used 47463K, capacity 49582K, committed 49832K, reserved 1091584K
  class space    used 6544K, capacity 6960K, committed 7080K, reserved 1048576K
}

